INFO:Timing:3284 - This timing report was generated using estimated delay 
   information.  For accurate numbers, please refer to the post Place and Route 
   timing report.
Asterisk (*) preceding a constraint indicates it was not met.
   This may be due to a setup or hold violation.

------------------------------------------------------------------------------------------------------
  Constraint                                |  Check  | Worst Case |  Best Case | Timing |   Timing   
                                            |         |    Slack   | Achievable | Errors |    Score   
------------------------------------------------------------------------------------------------------
  Autotimespec constraint for clock net CLK | SETUP   |         N/A|    12.617ns|     N/A|        1498
  _BUFGP                                    | HOLD    |     0.436ns|            |       0|           0
------------------------------------------------------------------------------------------------------
* Autotimespec constraint for clock net con | SETUP   |         N/A|     3.087ns|     N/A|           0
  tador<13>                                 | HOLD    |    -0.001ns|            |       1|           1
------------------------------------------------------------------------------------------------------
  Autotimespec constraint for clock net clk | SETUP   |         N/A|     4.421ns|     N/A|           0
  25MHz/CLK1                                | HOLD    |     0.893ns|            |       0|           0
------------------------------------------------------------------------------------------------------
  Autotimespec constraint for clock net dis | SETUP   |         N/A|     3.132ns|     N/A|           0
  p/clk_cont<8>                             | HOLD    |     0.619ns|            |       0|           0
------------------------------------------------------------------------------------------------------
  Autotimespec constraint for clock net pue | SETUP   |         N/A|     5.266ns|     N/A|           0
  rtoPC/esperate_or0000                     | HOLD    |     0.792ns|            |       0|           0
------------------------------------------------------------------------------------------------------
  Autotimespec constraint for clock net pue | SETUP   |         N/A|     5.120ns|     N/A|           0
  rtoZB/esperate_or0000                     | HOLD    |     0.833ns|            |       0|           0
------------------------------------------------------------------------------------------------------
  Autotimespec constraint for clock net OS_ | SETUP   |         N/A|     1.469ns|     N/A|           0
  play                                      | HOLD    |     0.789ns|            |       0|           0
------------------------------------------------------------------------------------------------------
  Autotimespec constraint for clock net tec | SETUP   |         N/A|     1.457ns|     N/A|           1
  lasOK                                     | HOLD    |     0.779ns|            |       0|           0
------------------------------------------------------------------------------------------------------


3 constraints not met.
INFO:Timing:2761 - N/A entries in the Constraints list may indicate that the 
   constraint does not cover any paths or that it has no requested value.


